Analysis & Synthesis report for lab3
Tue Mar 18 01:12:51 2025
Quartus II 64-Bit Version 13.1.0 Build 162 10/23/2013 SJ Full Version


---------------------
; Table of Contents ;
---------------------
  1. Legal Notice
  2. Analysis & Synthesis Summary
  3. Analysis & Synthesis Settings
  4. Parallel Compilation
  5. Analysis & Synthesis Source Files Read
  6. Analysis & Synthesis Resource Usage Summary
  7. Analysis & Synthesis Resource Utilization by Entity
  8. Analysis & Synthesis DSP Block Usage Summary
  9. Analysis & Synthesis IP Cores Summary
 10. General Register Statistics
 11. Multiplexer Restructuring Statistics (Restructuring Performed)
 12. Parameter Settings for User Entity Instance: mult_sub:mult_1|lpm_mult:lpm_mult_component
 13. Parameter Settings for User Entity Instance: mult_sub:mult_2|lpm_mult:lpm_mult_component
 14. lpm_mult Parameter Settings by Entity Instance
 15. Elapsed Time Per Partition
 16. Analysis & Synthesis Messages
 17. Analysis & Synthesis Suppressed Messages



----------------
; Legal Notice ;
----------------
Copyright (C) 1991-2013 Altera Corporation
Your use of Altera Corporation's design tools, logic functions 
and other software and tools, and its AMPP partner logic 
functions, and any output files from any of the foregoing 
(including device programming or simulation files), and any 
associated documentation or information are expressly subject 
to the terms and conditions of the Altera Program License 
Subscription Agreement, Altera MegaCore Function License 
Agreement, or other applicable license agreement, including, 
without limitation, that your use is for the sole purpose of 
programming logic devices manufactured by Altera and sold by 
Altera or its authorized distributors.  Please refer to the 
applicable agreement for further details.



+-------------------------------------------------------------------------------+
; Analysis & Synthesis Summary                                                  ;
+---------------------------------+---------------------------------------------+
; Analysis & Synthesis Status     ; Successful - Tue Mar 18 01:12:50 2025       ;
; Quartus II 64-Bit Version       ; 13.1.0 Build 162 10/23/2013 SJ Full Version ;
; Revision Name                   ; lab3                                        ;
; Top-level Entity Name           ; part7                                       ;
; Family                          ; Cyclone V                                   ;
; Logic utilization (in ALMs)     ; N/A                                         ;
; Total registers                 ; 32                                          ;
; Total pins                      ; 52                                          ;
; Total virtual pins              ; 0                                           ;
; Total block memory bits         ; 0                                           ;
; Total DSP Blocks                ; 1                                           ;
; Total HSSI RX PCSs              ; 0                                           ;
; Total HSSI PMA RX Deserializers ; 0                                           ;
; Total HSSI TX PCSs              ; 0                                           ;
; Total HSSI TX Channels          ; 0                                           ;
; Total PLLs                      ; 0                                           ;
; Total DLLs                      ; 0                                           ;
+---------------------------------+---------------------------------------------+


+---------------------------------------------------------------------------------------------------------------------------+
; Analysis & Synthesis Settings                                                                                             ;
+---------------------------------------------------------------------------------+--------------------+--------------------+
; Option                                                                          ; Setting            ; Default Value      ;
+---------------------------------------------------------------------------------+--------------------+--------------------+
; Device                                                                          ; 5CSEMA5F31C6       ;                    ;
; Top-level entity name                                                           ; part7              ; lab3               ;
; Family name                                                                     ; Cyclone V          ; Cyclone IV GX      ;
; Use smart compilation                                                           ; Off                ; Off                ;
; Enable parallel Assembler and TimeQuest Timing Analyzer during compilation      ; On                 ; On                 ;
; Enable compact report table                                                     ; Off                ; Off                ;
; Restructure Multiplexers                                                        ; Auto               ; Auto               ;
; MLAB Add Timing Constraints For Mixed-Port Feed-Through Mode Setting Don't Care ; Off                ; Off                ;
; Create Debugging Nodes for IP Cores                                             ; Off                ; Off                ;
; Preserve fewer node names                                                       ; On                 ; On                 ;
; Disable OpenCore Plus hardware evaluation                                       ; Off                ; Off                ;
; Verilog Version                                                                 ; Verilog_2001       ; Verilog_2001       ;
; VHDL Version                                                                    ; VHDL_1993          ; VHDL_1993          ;
; State Machine Processing                                                        ; Auto               ; Auto               ;
; Safe State Machine                                                              ; Off                ; Off                ;
; Extract Verilog State Machines                                                  ; On                 ; On                 ;
; Extract VHDL State Machines                                                     ; On                 ; On                 ;
; Ignore Verilog initial constructs                                               ; Off                ; Off                ;
; Iteration limit for constant Verilog loops                                      ; 5000               ; 5000               ;
; Iteration limit for non-constant Verilog loops                                  ; 250                ; 250                ;
; Add Pass-Through Logic to Inferred RAMs                                         ; On                 ; On                 ;
; Infer RAMs from Raw Logic                                                       ; On                 ; On                 ;
; Parallel Synthesis                                                              ; On                 ; On                 ;
; DSP Block Balancing                                                             ; Auto               ; Auto               ;
; NOT Gate Push-Back                                                              ; On                 ; On                 ;
; Power-Up Don't Care                                                             ; On                 ; On                 ;
; Remove Redundant Logic Cells                                                    ; Off                ; Off                ;
; Remove Duplicate Registers                                                      ; On                 ; On                 ;
; Ignore CARRY Buffers                                                            ; Off                ; Off                ;
; Ignore CASCADE Buffers                                                          ; Off                ; Off                ;
; Ignore GLOBAL Buffers                                                           ; Off                ; Off                ;
; Ignore ROW GLOBAL Buffers                                                       ; Off                ; Off                ;
; Ignore LCELL Buffers                                                            ; Off                ; Off                ;
; Ignore SOFT Buffers                                                             ; On                 ; On                 ;
; Limit AHDL Integers to 32 Bits                                                  ; Off                ; Off                ;
; Optimization Technique                                                          ; Balanced           ; Balanced           ;
; Carry Chain Length                                                              ; 70                 ; 70                 ;
; Auto Carry Chains                                                               ; On                 ; On                 ;
; Auto Open-Drain Pins                                                            ; On                 ; On                 ;
; Perform WYSIWYG Primitive Resynthesis                                           ; Off                ; Off                ;
; Auto ROM Replacement                                                            ; On                 ; On                 ;
; Auto RAM Replacement                                                            ; On                 ; On                 ;
; Auto DSP Block Replacement                                                      ; On                 ; On                 ;
; Auto Shift Register Replacement                                                 ; Auto               ; Auto               ;
; Allow Shift Register Merging across Hierarchies                                 ; Auto               ; Auto               ;
; Auto Clock Enable Replacement                                                   ; On                 ; On                 ;
; Strict RAM Replacement                                                          ; Off                ; Off                ;
; Allow Synchronous Control Signals                                               ; On                 ; On                 ;
; Force Use of Synchronous Clear Signals                                          ; Off                ; Off                ;
; Auto Resource Sharing                                                           ; Off                ; Off                ;
; Allow Any RAM Size For Recognition                                              ; Off                ; Off                ;
; Allow Any ROM Size For Recognition                                              ; Off                ; Off                ;
; Allow Any Shift Register Size For Recognition                                   ; Off                ; Off                ;
; Use LogicLock Constraints during Resource Balancing                             ; On                 ; On                 ;
; Ignore translate_off and synthesis_off directives                               ; Off                ; Off                ;
; Timing-Driven Synthesis                                                         ; On                 ; On                 ;
; Report Parameter Settings                                                       ; On                 ; On                 ;
; Report Source Assignments                                                       ; On                 ; On                 ;
; Report Connectivity Checks                                                      ; On                 ; On                 ;
; Ignore Maximum Fan-Out Assignments                                              ; Off                ; Off                ;
; Synchronization Register Chain Length                                           ; 3                  ; 3                  ;
; PowerPlay Power Optimization                                                    ; Normal compilation ; Normal compilation ;
; HDL message level                                                               ; Level2             ; Level2             ;
; Suppress Register Optimization Related Messages                                 ; Off                ; Off                ;
; Number of Removed Registers Reported in Synthesis Report                        ; 5000               ; 5000               ;
; Number of Swept Nodes Reported in Synthesis Report                              ; 5000               ; 5000               ;
; Number of Inverted Registers Reported in Synthesis Report                       ; 100                ; 100                ;
; Clock MUX Protection                                                            ; On                 ; On                 ;
; Auto Gated Clock Conversion                                                     ; Off                ; Off                ;
; Block Design Naming                                                             ; Auto               ; Auto               ;
; SDC constraint protection                                                       ; Off                ; Off                ;
; Synthesis Effort                                                                ; Auto               ; Auto               ;
; Shift Register Replacement - Allow Asynchronous Clear Signal                    ; On                 ; On                 ;
; Pre-Mapping Resynthesis Optimization                                            ; Off                ; Off                ;
; Analysis & Synthesis Message Level                                              ; Medium             ; Medium             ;
; Disable Register Merging Across Hierarchies                                     ; Auto               ; Auto               ;
; Resource Aware Inference For Block RAM                                          ; On                 ; On                 ;
; Synthesis Seed                                                                  ; 1                  ; 1                  ;
; Automatic Parallel Synthesis                                                    ; On                 ; On                 ;
+---------------------------------------------------------------------------------+--------------------+--------------------+


+------------------------------------------+
; Parallel Compilation                     ;
+----------------------------+-------------+
; Processors                 ; Number      ;
+----------------------------+-------------+
; Number detected on machine ; 4           ;
; Maximum allowed            ; 2           ;
;                            ;             ;
; Average used               ; 1.00        ;
; Maximum used               ; 1           ;
;                            ;             ;
; Usage by Processor         ; % Time Used ;
;     Processor 1            ; 100.0%      ;
;     Processors 2-4         ;   0.0%      ;
+----------------------------+-------------+


+--------------------------------------------------------------------------------------------------------------------------------------------------------------+
; Analysis & Synthesis Source Files Read                                                                                                                       ;
+----------------------------------+-----------------+------------------------------+----------------------------------------------------------------+---------+
; File Name with User-Entered Path ; Used in Netlist ; File Type                    ; File Name with Absolute Path                                   ; Library ;
+----------------------------------+-----------------+------------------------------+----------------------------------------------------------------+---------+
; mult_sub.v                       ; yes             ; User Wizard-Generated File   ; D:/FPGA/lab3/mult_sub.v                                        ;         ;
; part7.v                          ; yes             ; User Verilog HDL File        ; D:/FPGA/lab3/part7.v                                           ;         ;
; lpm_mult.tdf                     ; yes             ; Megafunction                 ; c:/altera/13.1/quartus/libraries/megafunctions/lpm_mult.tdf    ;         ;
; aglobal131.inc                   ; yes             ; Megafunction                 ; c:/altera/13.1/quartus/libraries/megafunctions/aglobal131.inc  ;         ;
; lpm_add_sub.inc                  ; yes             ; Megafunction                 ; c:/altera/13.1/quartus/libraries/megafunctions/lpm_add_sub.inc ;         ;
; multcore.inc                     ; yes             ; Megafunction                 ; c:/altera/13.1/quartus/libraries/megafunctions/multcore.inc    ;         ;
; bypassff.inc                     ; yes             ; Megafunction                 ; c:/altera/13.1/quartus/libraries/megafunctions/bypassff.inc    ;         ;
; altshift.inc                     ; yes             ; Megafunction                 ; c:/altera/13.1/quartus/libraries/megafunctions/altshift.inc    ;         ;
; db/mult_e5n.v                    ; yes             ; Auto-Generated Megafunction  ; D:/FPGA/lab3/db/mult_e5n.v                                     ;         ;
+----------------------------------+-----------------+------------------------------+----------------------------------------------------------------+---------+


+------------------------------------------------------------+
; Analysis & Synthesis Resource Usage Summary                ;
+---------------------------------------------+--------------+
; Resource                                    ; Usage        ;
+---------------------------------------------+--------------+
; Estimate of Logic utilization (ALMs needed) ; 30           ;
;                                             ;              ;
; Combinational ALUT usage for logic          ; 48           ;
;     -- 7 input functions                    ; 0            ;
;     -- 6 input functions                    ; 0            ;
;     -- 5 input functions                    ; 16           ;
;     -- 4 input functions                    ; 28           ;
;     -- <=3 input functions                  ; 4            ;
;                                             ;              ;
; Dedicated logic registers                   ; 32           ;
;                                             ;              ;
; I/O pins                                    ; 52           ;
; Total DSP Blocks                            ; 1            ;
; Maximum fan-out node                        ; KEY[0]~input ;
; Maximum fan-out                             ; 33           ;
; Total fan-out                               ; 446          ;
; Average fan-out                             ; 2.41         ;
+---------------------------------------------+--------------+


+-----------------------------------------------------------------------------------------------------------------------------------------------------------+
; Analysis & Synthesis Resource Utilization by Entity                                                                                                       ;
+----------------------------+-------------------+--------------+-------------------+------------+------+--------------+---------------------+--------------+
; Compilation Hierarchy Node ; LC Combinationals ; LC Registers ; Block Memory Bits ; DSP Blocks ; Pins ; Virtual Pins ; Full Hierarchy Name ; Library Name ;
+----------------------------+-------------------+--------------+-------------------+------------+------+--------------+---------------------+--------------+
; |part7                     ; 48 (20)           ; 32 (32)      ; 0                 ; 1          ; 52   ; 0            ; |part7              ; work         ;
;    |HEX:U0|                ; 7 (7)             ; 0 (0)        ; 0                 ; 0          ; 0    ; 0            ; |part7|HEX:U0       ; work         ;
;    |HEX:U1|                ; 7 (7)             ; 0 (0)        ; 0                 ; 0          ; 0    ; 0            ; |part7|HEX:U1       ; work         ;
;    |HEX:U2|                ; 7 (7)             ; 0 (0)        ; 0                 ; 0          ; 0    ; 0            ; |part7|HEX:U2       ; work         ;
;    |HEX:U3|                ; 7 (7)             ; 0 (0)        ; 0                 ; 0          ; 0    ; 0            ; |part7|HEX:U3       ; work         ;
+----------------------------+-------------------+--------------+-------------------+------------+------+--------------+---------------------+--------------+
Note: For table entries with two numbers listed, the numbers in parentheses indicate the number of resources of the given type used by the specific entity alone. The numbers listed outside of parentheses indicate the total resources of the given type used by the specific entity and all of its sub-entities in the hierarchy.


+-----------------------------------------------------------------------------+
; Analysis & Synthesis DSP Block Usage Summary                                ;
+---------------------+-------------+---------------------+-------------------+
; Statistic           ; Number Used ; Available per Block ; Maximum Available ;
+---------------------+-------------+---------------------+-------------------+
; Sum of two 18x18    ; 1           ; 1.00                ; --                ;
; DSP Block           ; 1           ; --                  ; --                ;
; DSP 18-bit Element  ; 2           ; 2.00                ; --                ;
; Unsigned Multiplier ; 2           ; --                  ; --                ;
+---------------------+-------------+---------------------+-------------------+


+------------------------------------------------------------------------------------------------------------------+
; Analysis & Synthesis IP Cores Summary                                                                            ;
+--------+--------------+---------+--------------+--------------+------------------------+-------------------------+
; Vendor ; IP Core Name ; Version ; Release Date ; License Type ; Entity Instance        ; IP Include File         ;
+--------+--------------+---------+--------------+--------------+------------------------+-------------------------+
; Altera ; LPM_MULT     ; 13.1    ; N/A          ; N/A          ; |part7|mult_sub:mult_1 ; D:/FPGA/lab3/mult_sub.v ;
; Altera ; LPM_MULT     ; 13.1    ; N/A          ; N/A          ; |part7|mult_sub:mult_2 ; D:/FPGA/lab3/mult_sub.v ;
+--------+--------------+---------+--------------+--------------+------------------------+-------------------------+


+------------------------------------------------------+
; General Register Statistics                          ;
+----------------------------------------------+-------+
; Statistic                                    ; Value ;
+----------------------------------------------+-------+
; Total registers                              ; 32    ;
; Number of registers using Synchronous Clear  ; 0     ;
; Number of registers using Synchronous Load   ; 0     ;
; Number of registers using Asynchronous Clear ; 32    ;
; Number of registers using Asynchronous Load  ; 0     ;
; Number of registers using Clock Enable       ; 32    ;
; Number of registers using Preset             ; 0     ;
+----------------------------------------------+-------+


+------------------------------------------------------------------------------------------------------------------------------------------+
; Multiplexer Restructuring Statistics (Restructuring Performed)                                                                           ;
+--------------------+-----------+---------------+----------------------+------------------------+------------+----------------------------+
; Multiplexer Inputs ; Bus Width ; Baseline Area ; Area if Restructured ; Saving if Restructured ; Registered ; Example Multiplexer Output ;
+--------------------+-----------+---------------+----------------------+------------------------+------------+----------------------------+
; 3:1                ; 16 bits   ; 32 LEs        ; 32 LEs               ; 0 LEs                  ; No         ; |part7|hex0[3]             ;
+--------------------+-----------+---------------+----------------------+------------------------+------------+----------------------------+


+------------------------------------------------------------------------------------------+
; Parameter Settings for User Entity Instance: mult_sub:mult_1|lpm_mult:lpm_mult_component ;
+------------------------------------------------+-----------+-----------------------------+
; Parameter Name                                 ; Value     ; Type                        ;
+------------------------------------------------+-----------+-----------------------------+
; AUTO_CARRY_CHAINS                              ; ON        ; AUTO_CARRY                  ;
; IGNORE_CARRY_BUFFERS                           ; OFF       ; IGNORE_CARRY                ;
; AUTO_CASCADE_CHAINS                            ; ON        ; AUTO_CASCADE                ;
; IGNORE_CASCADE_BUFFERS                         ; OFF       ; IGNORE_CASCADE              ;
; LPM_WIDTHA                                     ; 8         ; Signed Integer              ;
; LPM_WIDTHB                                     ; 8         ; Signed Integer              ;
; LPM_WIDTHP                                     ; 16        ; Signed Integer              ;
; LPM_WIDTHR                                     ; 0         ; Untyped                     ;
; LPM_WIDTHS                                     ; 1         ; Untyped                     ;
; LPM_REPRESENTATION                             ; UNSIGNED  ; Untyped                     ;
; LPM_PIPELINE                                   ; 0         ; Untyped                     ;
; LATENCY                                        ; 0         ; Untyped                     ;
; INPUT_A_IS_CONSTANT                            ; NO        ; Untyped                     ;
; INPUT_B_IS_CONSTANT                            ; NO        ; Untyped                     ;
; USE_EAB                                        ; OFF       ; Untyped                     ;
; MAXIMIZE_SPEED                                 ; 5         ; Untyped                     ;
; DEVICE_FAMILY                                  ; Cyclone V ; Untyped                     ;
; CARRY_CHAIN                                    ; MANUAL    ; Untyped                     ;
; APEX20K_TECHNOLOGY_MAPPER                      ; LUT       ; TECH_MAPPER_APEX20K         ;
; DEDICATED_MULTIPLIER_CIRCUITRY                 ; AUTO      ; Untyped                     ;
; DEDICATED_MULTIPLIER_MIN_INPUT_WIDTH_FOR_AUTO  ; 0         ; Untyped                     ;
; DEDICATED_MULTIPLIER_MIN_OUTPUT_WIDTH_FOR_AUTO ; 0         ; Untyped                     ;
; CBXI_PARAMETER                                 ; mult_e5n  ; Untyped                     ;
; INPUT_A_FIXED_VALUE                            ; Bx        ; Untyped                     ;
; INPUT_B_FIXED_VALUE                            ; Bx        ; Untyped                     ;
; USE_AHDL_IMPLEMENTATION                        ; OFF       ; Untyped                     ;
+------------------------------------------------+-----------+-----------------------------+
Note: In order to hide this table in the UI and the text report file, please set the "Show Parameter Settings in Synthesis Report" option in "Analysis and Synthesis Settings -> More Settings" to "Off".


+------------------------------------------------------------------------------------------+
; Parameter Settings for User Entity Instance: mult_sub:mult_2|lpm_mult:lpm_mult_component ;
+------------------------------------------------+-----------+-----------------------------+
; Parameter Name                                 ; Value     ; Type                        ;
+------------------------------------------------+-----------+-----------------------------+
; AUTO_CARRY_CHAINS                              ; ON        ; AUTO_CARRY                  ;
; IGNORE_CARRY_BUFFERS                           ; OFF       ; IGNORE_CARRY                ;
; AUTO_CASCADE_CHAINS                            ; ON        ; AUTO_CASCADE                ;
; IGNORE_CASCADE_BUFFERS                         ; OFF       ; IGNORE_CASCADE              ;
; LPM_WIDTHA                                     ; 8         ; Signed Integer              ;
; LPM_WIDTHB                                     ; 8         ; Signed Integer              ;
; LPM_WIDTHP                                     ; 16        ; Signed Integer              ;
; LPM_WIDTHR                                     ; 0         ; Untyped                     ;
; LPM_WIDTHS                                     ; 1         ; Untyped                     ;
; LPM_REPRESENTATION                             ; UNSIGNED  ; Untyped                     ;
; LPM_PIPELINE                                   ; 0         ; Untyped                     ;
; LATENCY                                        ; 0         ; Untyped                     ;
; INPUT_A_IS_CONSTANT                            ; NO        ; Untyped                     ;
; INPUT_B_IS_CONSTANT                            ; NO        ; Untyped                     ;
; USE_EAB                                        ; OFF       ; Untyped                     ;
; MAXIMIZE_SPEED                                 ; 5         ; Untyped                     ;
; DEVICE_FAMILY                                  ; Cyclone V ; Untyped                     ;
; CARRY_CHAIN                                    ; MANUAL    ; Untyped                     ;
; APEX20K_TECHNOLOGY_MAPPER                      ; LUT       ; TECH_MAPPER_APEX20K         ;
; DEDICATED_MULTIPLIER_CIRCUITRY                 ; AUTO      ; Untyped                     ;
; DEDICATED_MULTIPLIER_MIN_INPUT_WIDTH_FOR_AUTO  ; 0         ; Untyped                     ;
; DEDICATED_MULTIPLIER_MIN_OUTPUT_WIDTH_FOR_AUTO ; 0         ; Untyped                     ;
; CBXI_PARAMETER                                 ; mult_e5n  ; Untyped                     ;
; INPUT_A_FIXED_VALUE                            ; Bx        ; Untyped                     ;
; INPUT_B_FIXED_VALUE                            ; Bx        ; Untyped                     ;
; USE_AHDL_IMPLEMENTATION                        ; OFF       ; Untyped                     ;
+------------------------------------------------+-----------+-----------------------------+
Note: In order to hide this table in the UI and the text report file, please set the "Show Parameter Settings in Synthesis Report" option in "Analysis and Synthesis Settings -> More Settings" to "Off".


+-------------------------------------------------------------------------------------+
; lpm_mult Parameter Settings by Entity Instance                                      ;
+---------------------------------------+---------------------------------------------+
; Name                                  ; Value                                       ;
+---------------------------------------+---------------------------------------------+
; Number of entity instances            ; 2                                           ;
; Entity Instance                       ; mult_sub:mult_1|lpm_mult:lpm_mult_component ;
;     -- LPM_WIDTHA                     ; 8                                           ;
;     -- LPM_WIDTHB                     ; 8                                           ;
;     -- LPM_WIDTHP                     ; 16                                          ;
;     -- LPM_REPRESENTATION             ; UNSIGNED                                    ;
;     -- INPUT_A_IS_CONSTANT            ; NO                                          ;
;     -- INPUT_B_IS_CONSTANT            ; NO                                          ;
;     -- USE_EAB                        ; OFF                                         ;
;     -- DEDICATED_MULTIPLIER_CIRCUITRY ; AUTO                                        ;
;     -- INPUT_A_FIXED_VALUE            ; Bx                                          ;
;     -- INPUT_B_FIXED_VALUE            ; Bx                                          ;
; Entity Instance                       ; mult_sub:mult_2|lpm_mult:lpm_mult_component ;
;     -- LPM_WIDTHA                     ; 8                                           ;
;     -- LPM_WIDTHB                     ; 8                                           ;
;     -- LPM_WIDTHP                     ; 16                                          ;
;     -- LPM_REPRESENTATION             ; UNSIGNED                                    ;
;     -- INPUT_A_IS_CONSTANT            ; NO                                          ;
;     -- INPUT_B_IS_CONSTANT            ; NO                                          ;
;     -- USE_EAB                        ; OFF                                         ;
;     -- DEDICATED_MULTIPLIER_CIRCUITRY ; AUTO                                        ;
;     -- INPUT_A_FIXED_VALUE            ; Bx                                          ;
;     -- INPUT_B_FIXED_VALUE            ; Bx                                          ;
+---------------------------------------+---------------------------------------------+


+-------------------------------+
; Elapsed Time Per Partition    ;
+----------------+--------------+
; Partition Name ; Elapsed Time ;
+----------------+--------------+
; Top            ; 00:00:00     ;
+----------------+--------------+


+-------------------------------+
; Analysis & Synthesis Messages ;
+-------------------------------+
Info: *******************************************************************
Info: Running Quartus II 64-Bit Analysis & Synthesis
    Info: Version 13.1.0 Build 162 10/23/2013 SJ Full Version
    Info: Processing started: Tue Mar 18 01:12:35 2025
Info: Command: quartus_map --read_settings_files=on --write_settings_files=off lab3 -c lab3
Info (11104): Parallel Compilation has detected 4 hyper-threaded processors. However, the extra hyper-threaded processors will not be used by default. Parallel Compilation will use 2 of the 2 physical processors detected instead.
Info (12021): Found 1 design units, including 1 entities, in source file mult_sub.v
    Info (12023): Found entity 1: mult_sub
Info (12021): Found 22 design units, including 22 entities, in source file add_sub.v
    Info (12023): Found entity 1: add_sub_altbarrel_shift_ltd
    Info (12023): Found entity 2: add_sub_altbarrel_shift_s0g
    Info (12023): Found entity 3: add_sub_altpriority_encoder_3e8
    Info (12023): Found entity 4: add_sub_altpriority_encoder_6e8
    Info (12023): Found entity 5: add_sub_altpriority_encoder_be8
    Info (12023): Found entity 6: add_sub_altpriority_encoder_3v7
    Info (12023): Found entity 7: add_sub_altpriority_encoder_6v7
    Info (12023): Found entity 8: add_sub_altpriority_encoder_bv7
    Info (12023): Found entity 9: add_sub_altpriority_encoder_uv8
    Info (12023): Found entity 10: add_sub_altpriority_encoder_ue9
    Info (12023): Found entity 11: add_sub_altpriority_encoder_ou8
    Info (12023): Found entity 12: add_sub_altpriority_encoder_nh8
    Info (12023): Found entity 13: add_sub_altpriority_encoder_qh8
    Info (12023): Found entity 14: add_sub_altpriority_encoder_2h9
    Info (12023): Found entity 15: add_sub_altpriority_encoder_d6b
    Info (12023): Found entity 16: add_sub_altpriority_encoder_n28
    Info (12023): Found entity 17: add_sub_altpriority_encoder_q28
    Info (12023): Found entity 18: add_sub_altpriority_encoder_229
    Info (12023): Found entity 19: add_sub_altpriority_encoder_ena
    Info (12023): Found entity 20: add_sub_altpriority_encoder_dna
    Info (12023): Found entity 21: add_sub_altfp_add_sub_prj
    Info (12023): Found entity 22: add_sub
Info (12021): Found 3 design units, including 3 entities, in source file part1.v
    Info (12023): Found entity 1: part1
    Info (12023): Found entity 2: FF
    Info (12023): Found entity 3: full_adder
Info (12021): Found 2 design units, including 2 entities, in source file part7.v
    Info (12023): Found entity 1: part7
    Info (12023): Found entity 2: HEX
Warning (10236): Verilog HDL Implicit Net warning at part1.v(13): created implicit net for "rest"
Warning (10236): Verilog HDL Implicit Net warning at part1.v(14): created implicit net for "clk"
Warning (10236): Verilog HDL Implicit Net warning at part1.v(15): created implicit net for "select"
Info (12127): Elaborating entity "part7" for the top level hierarchy
Warning (10034): Output port "LEDR[8..1]" at part7.v(5) has no driver
Info (12128): Elaborating entity "mult_sub" for hierarchy "mult_sub:mult_1"
Info (12128): Elaborating entity "lpm_mult" for hierarchy "mult_sub:mult_1|lpm_mult:lpm_mult_component"
Info (12130): Elaborated megafunction instantiation "mult_sub:mult_1|lpm_mult:lpm_mult_component"
Info (12133): Instantiated megafunction "mult_sub:mult_1|lpm_mult:lpm_mult_component" with the following parameter:
    Info (12134): Parameter "lpm_hint" = "MAXIMIZE_SPEED=5"
    Info (12134): Parameter "lpm_representation" = "UNSIGNED"
    Info (12134): Parameter "lpm_type" = "LPM_MULT"
    Info (12134): Parameter "lpm_widtha" = "8"
    Info (12134): Parameter "lpm_widthb" = "8"
    Info (12134): Parameter "lpm_widthp" = "16"
Info (12021): Found 1 design units, including 1 entities, in source file db/mult_e5n.v
    Info (12023): Found entity 1: mult_e5n
Info (12128): Elaborating entity "mult_e5n" for hierarchy "mult_sub:mult_1|lpm_mult:lpm_mult_component|mult_e5n:auto_generated"
Info (12128): Elaborating entity "HEX" for hierarchy "HEX:U3"
Warning (13024): Output pins are stuck at VCC or GND
    Warning (13410): Pin "LEDR[1]" is stuck at GND
    Warning (13410): Pin "LEDR[2]" is stuck at GND
    Warning (13410): Pin "LEDR[3]" is stuck at GND
    Warning (13410): Pin "LEDR[4]" is stuck at GND
    Warning (13410): Pin "LEDR[5]" is stuck at GND
    Warning (13410): Pin "LEDR[6]" is stuck at GND
    Warning (13410): Pin "LEDR[7]" is stuck at GND
    Warning (13410): Pin "LEDR[8]" is stuck at GND
Info (286030): Timing-Driven Synthesis is running
Info (144001): Generated suppressed messages file D:/FPGA/lab3/output_files/lab3.map.smsg
Info (16010): Generating hard_block partition "hard_block:auto_generated_inst"
    Info (16011): Adding 0 node(s), including 0 DDIO, 0 PLL, 0 transceiver and 0 LCELL
Info (21057): Implemented 133 device resources after synthesis - the final resource count might be different
    Info (21058): Implemented 14 input pins
    Info (21059): Implemented 38 output pins
    Info (21061): Implemented 80 logic cells
    Info (21062): Implemented 1 DSP elements
Info: Quartus II 64-Bit Analysis & Synthesis was successful. 0 errors, 13 warnings
    Info: Peak virtual memory: 4715 megabytes
    Info: Processing ended: Tue Mar 18 01:12:51 2025
    Info: Elapsed time: 00:00:16
    Info: Total CPU time (on all processors): 00:00:03


+------------------------------------------+
; Analysis & Synthesis Suppressed Messages ;
+------------------------------------------+
The suppressed messages can be found in D:/FPGA/lab3/output_files/lab3.map.smsg.


