Assembler report for lab1
<<<<<<< HEAD
Sat Mar 01 17:39:31 2025
=======
Sat Mar 01 15:45:47 2025
>>>>>>> 634373b (3/9)
Quartus II 64-Bit Version 13.1.0 Build 162 10/23/2013 SJ Full Version


---------------------
; Table of Contents ;
---------------------
  1. Legal Notice
  2. Assembler Summary
  3. Assembler Settings
  4. Assembler Generated Files
<<<<<<< HEAD
  5. Assembler Device Options: C:/Users/shnbw/Desktop/FPGA/lab1/output_files/lab1.sof
=======
  5. Assembler Device Options: D:/FPGA/lab1/output_files/lab1.sof
>>>>>>> 634373b (3/9)
  6. Assembler Messages



----------------
; Legal Notice ;
----------------
Copyright (C) 1991-2013 Altera Corporation
Your use of Altera Corporation's design tools, logic functions 
and other software and tools, and its AMPP partner logic 
functions, and any output files from any of the foregoing 
(including device programming or simulation files), and any 
associated documentation or information are expressly subject 
to the terms and conditions of the Altera Program License 
Subscription Agreement, Altera MegaCore Function License 
Agreement, or other applicable license agreement, including, 
without limitation, that your use is for the sole purpose of 
programming logic devices manufactured by Altera and sold by 
Altera or its authorized distributors.  Please refer to the 
applicable agreement for further details.



+---------------------------------------------------------------+
; Assembler Summary                                             ;
+-----------------------+---------------------------------------+
<<<<<<< HEAD
; Assembler Status      ; Successful - Sat Mar 01 17:39:31 2025 ;
=======
; Assembler Status      ; Successful - Sat Mar 01 15:45:47 2025 ;
>>>>>>> 634373b (3/9)
; Revision Name         ; lab1                                  ;
; Top-level Entity Name ; lab1                                  ;
; Family                ; Cyclone V                             ;
; Device                ; 5CSEMA5F31C6                          ;
+-----------------------+---------------------------------------+


+--------------------------------------------------------------------------------------------------------+
; Assembler Settings                                                                                     ;
+-----------------------------------------------------------------------------+----------+---------------+
; Option                                                                      ; Setting  ; Default Value ;
+-----------------------------------------------------------------------------+----------+---------------+
; Use smart compilation                                                       ; Off      ; Off           ;
; Enable parallel Assembler and TimeQuest Timing Analyzer during compilation  ; On       ; On            ;
; Enable compact report table                                                 ; Off      ; Off           ;
; Generate compressed bitstreams                                              ; On       ; On            ;
; Compression mode                                                            ; Off      ; Off           ;
; Clock source for configuration device                                       ; Internal ; Internal      ;
; Clock frequency of the configuration device                                 ; 10 MHZ   ; 10 MHz        ;
; Divide clock frequency by                                                   ; 1        ; 1             ;
; Auto user code                                                              ; On       ; On            ;
; Configuration device                                                        ; Auto     ; Auto          ;
; Configuration device auto user code                                         ; Off      ; Off           ;
; Generate Tabular Text File (.ttf) For Target Device                         ; Off      ; Off           ;
; Generate Raw Binary File (.rbf) For Target Device                           ; Off      ; Off           ;
; Generate Hexadecimal (Intel-Format) Output File (.hexout) for Target Device ; Off      ; Off           ;
; Hexadecimal Output File start address                                       ; 0        ; 0             ;
; Hexadecimal Output File count direction                                     ; Up       ; Up            ;
; Release clears before tri-states                                            ; Off      ; Off           ;
; Auto-restart configuration after error                                      ; On       ; On            ;
; Enable OCT_DONE                                                             ; Off      ; Off           ;
; Use Checkered Pattern as Uninitialized RAM Content                          ; Off      ; Off           ;
; Generate Serial Vector Format File (.svf) for Target Device                 ; Off      ; Off           ;
; Generate a JEDEC STAPL Format File (.jam) for Target Device                 ; Off      ; Off           ;
; Generate a compressed Jam STAPL Byte Code 2.0 File (.jbc) for Target Device ; Off      ; Off           ;
; Generate a compressed Jam STAPL Byte Code 2.0 File (.jbc) for Target Device ; On       ; On            ;
+-----------------------------------------------------------------------------+----------+---------------+


<<<<<<< HEAD
+--------------------------------------------------------+
; Assembler Generated Files                              ;
+--------------------------------------------------------+
; File Name                                              ;
+--------------------------------------------------------+
; C:/Users/shnbw/Desktop/FPGA/lab1/output_files/lab1.sof ;
+--------------------------------------------------------+


+----------------------------------------------------------------------------------+
; Assembler Device Options: C:/Users/shnbw/Desktop/FPGA/lab1/output_files/lab1.sof ;
+----------------+-----------------------------------------------------------------+
; Option         ; Setting                                                         ;
+----------------+-----------------------------------------------------------------+
; Device         ; 5CSEMA5F31C6                                                    ;
; JTAG usercode  ; 0x00B049E6                                                      ;
; Checksum       ; 0x00B049E6                                                      ;
+----------------+-----------------------------------------------------------------+
=======
+------------------------------------+
; Assembler Generated Files          ;
+------------------------------------+
; File Name                          ;
+------------------------------------+
; D:/FPGA/lab1/output_files/lab1.sof ;
+------------------------------------+


+--------------------------------------------------------------+
; Assembler Device Options: D:/FPGA/lab1/output_files/lab1.sof ;
+----------------+---------------------------------------------+
; Option         ; Setting                                     ;
+----------------+---------------------------------------------+
; Device         ; 5CSEMA5F31C6                                ;
; JTAG usercode  ; 0x00B049E6                                  ;
; Checksum       ; 0x00B049E6                                  ;
+----------------+---------------------------------------------+
>>>>>>> 634373b (3/9)


+--------------------+
; Assembler Messages ;
+--------------------+
Info: *******************************************************************
Info: Running Quartus II 64-Bit Assembler
    Info: Version 13.1.0 Build 162 10/23/2013 SJ Full Version
<<<<<<< HEAD
    Info: Processing started: Sat Mar 01 17:39:17 2025
Info: Command: quartus_asm --read_settings_files=off --write_settings_files=off lab1 -c lab1
Info (115030): Assembler is generating device programming files
Info: Quartus II 64-Bit Assembler was successful. 0 errors, 0 warnings
    Info: Peak virtual memory: 4790 megabytes
    Info: Processing ended: Sat Mar 01 17:39:31 2025
    Info: Elapsed time: 00:00:14
    Info: Total CPU time (on all processors): 00:00:06
=======
    Info: Processing started: Sat Mar 01 15:45:21 2025
Info: Command: quartus_asm --read_settings_files=off --write_settings_files=off lab1 -c lab1
Info (115030): Assembler is generating device programming files
Info: Quartus II 64-Bit Assembler was successful. 0 errors, 0 warnings
    Info: Peak virtual memory: 4782 megabytes
    Info: Processing ended: Sat Mar 01 15:45:47 2025
    Info: Elapsed time: 00:00:26
    Info: Total CPU time (on all processors): 00:00:13
>>>>>>> 634373b (3/9)


